{
  "RSpec": {
    "coverage": {
      "/Users/harrythomson/Projects/bookmark_manager/app.rb": {
        "lines": [
          null,
          null,
          1,
          1,
          null,
          1,
          1,
          2,
          2,
          null,
          null,
          1,
          1,
          null,
          null,
          1,
          1,
          1,
          null,
          null,
          1,
          null
        ]
      },
      "/Users/harrythomson/Projects/bookmark_manager/lib/bookmark.rb": {
        "lines": [
          null,
          null,
          1,
          null,
          1,
          null,
          1,
          null,
          1,
          15,
          15,
          15,
          null,
          null,
          1,
          3,
          3,
          null,
          0,
          null,
          null,
          3,
          3,
          7,
          null,
          null,
          null,
          1,
          8,
          8,
          null,
          0,
          null,
          null,
          8,
          8,
          null,
          null
        ]
      },
      "/Users/harrythomson/Projects/bookmark_manager/spec/bookmark_spec.rb": {
        "lines": [
          null,
          null,
          1,
          1,
          null,
          1,
          1,
          1,
          1,
          null,
          1,
          1,
          1,
          null,
          1,
          null,
          1,
          1,
          1,
          1,
          1,
          null,
          null,
          null,
          null,
          1,
          1,
          1,
          1,
          null,
          1,
          1,
          1,
          1,
          null,
          null,
          null
        ]
      },
      "/Users/harrythomson/Projects/bookmark_manager/spec/database_helpers.rb": {
        "lines": [
          1,
          null,
          1,
          1,
          1,
          null
        ]
      },
      "/Users/harrythomson/Projects/bookmark_manager/spec/features/creating_bookmarks_spec.rb": {
        "lines": [
          null,
          null,
          1,
          1,
          1,
          1,
          1,
          1,
          null,
          1,
          null,
          null
        ]
      },
      "/Users/harrythomson/Projects/bookmark_manager/spec/features/viewing_bookmarks_spec.rb": {
        "lines": [
          null,
          null,
          1,
          null,
          1,
          1,
          1,
          1,
          1,
          null,
          1,
          null,
          1,
          1,
          1,
          null,
          null
        ]
      }
    },
    "timestamp": 1613651750
  }
}
